<?xml version="1.0" encoding="UTF-8"?>
<!-- Generated by org.testng.reporters.JUnitReportReporter -->
<testsuite hostname="DESKTOP-9DH3JAO" failures="0" tests="1" name="com.tutorialsninja.qa.testCases.TestLogin" time="7.523" errors="0" timestamp="2023-02-20T11:17:11 IST" skipped="0">
  <testcase classname="com.tutorialsninja.qa.testCases.TestLogin" name="verify_login_With_Valid_Credential" time="7.523"/>
  <system-out/>
</testsuite> <!-- com.tutorialsninja.qa.testCases.TestLogin -->
